<?xml version="1.0" encoding="UTF-8"?>
<!-- Generated by org.testng.reporters.JUnitReportReporter -->
<testsuite hostname="lin80025523" failures="0" tests="1" name="eCommerce.HandlingToastErr" time="6.790" errors="0" timestamp="2023-08-14T14:43:23 IST" skipped="0">
  <testcase classname="eCommerce.HandlingToastErr" name="toastMsg" time="6.790"/>
</testsuite> <!-- eCommerce.HandlingToastErr -->
