<?xml version="1.0" encoding="UTF-8"?>
<!-- Generated by org.testng.reporters.JUnitReportReporter -->
<testsuite hostname="lin80025523" failures="0" tests="2" name="Appium.Naveen_V2.MiscelaniousAppium_6" time="20.326" errors="0" timestamp="2023-08-14T12:57:41 IST" skipped="0">
  <testcase classname="Appium.Naveen_V2.MiscelaniousAppium_6" name="miscDemo" time="20.314"/>
  <testcase classname="Appium.Naveen_V2.MiscelaniousAppium_6" name="demo" time="0.012"/>
</testsuite> <!-- Appium.Naveen_V2.MiscelaniousAppium_6 -->
