<?xml version="1.0" encoding="UTF-8"?>
<!-- Generated by org.testng.reporters.JUnitReportReporter -->
<testsuite hostname="lin80025523" failures="0" tests="1" name="eCommerce.ECommerce_TC4" time="57.327" errors="0" timestamp="2023-08-14T19:56:00 IST" skipped="0">
  <testcase classname="eCommerce.ECommerce_TC4" name="fillFOrm" time="57.327"/>
</testsuite> <!-- eCommerce.ECommerce_TC4 -->
