<?xml version="1.0" encoding="UTF-8"?>
<!-- Generated by org.testng.reporters.JUnitReportReporter -->
<testsuite hostname="lin80025523" failures="0" tests="1" name="Appium.Naveen_V2.DranAndDrop_5" time="5.999" errors="0" timestamp="2023-08-13T23:19:33 IST" skipped="0">
  <testcase classname="Appium.Naveen_V2.DranAndDrop_5" name="dragAndDrop" time="5.999"/>
</testsuite> <!-- Appium.Naveen_V2.DranAndDrop_5 -->
