<?xml version="1.0" encoding="UTF-8"?>
<!-- Generated by org.testng.reporters.JUnitReportReporter -->
<testsuite hostname="lin80025523" failures="0" tests="1" name="browserMobilw.MobileWeb" time="18.593" errors="0" timestamp="2023-08-14T21:21:15 IST" skipped="0">
  <testcase classname="browserMobilw.MobileWeb" name="mobileWeb" time="18.593"/>
</testsuite> <!-- browserMobilw.MobileWeb -->
