<?xml version="1.0" encoding="UTF-8"?>
<!-- Generated by org.testng.reporters.JUnitReportReporter -->
<testsuite hostname="lin80025523" failures="0" tests="1" name="eCommerce.ECommerce_TC2" time="29.579" errors="0" timestamp="2023-08-14T15:36:25 IST" skipped="0">
  <testcase classname="eCommerce.ECommerce_TC2" name="fillFOrm" time="29.579"/>
</testsuite> <!-- eCommerce.ECommerce_TC2 -->
