<?xml version="1.0" encoding="UTF-8"?>
<!-- Generated by org.testng.reporters.JUnitReportReporter -->
<testsuite hostname="lin80025523" failures="0" tests="1" name="Appium.Naveen_V2.LongPress_2" time="11.161" errors="0" timestamp="2023-08-13T21:05:18 IST" skipped="0">
  <testcase classname="Appium.Naveen_V2.LongPress_2" name="longPress" time="11.161"/>
</testsuite> <!-- Appium.Naveen_V2.LongPress_2 -->
