<?xml version="1.0" encoding="UTF-8"?>
<!-- Generated by org.testng.reporters.JUnitReportReporter -->
<testsuite hostname="lin80025523" failures="0" tests="1" name="Appium.Naveen_V2.SwipeDemo_4" time="11.728" errors="0" timestamp="2023-08-13T23:04:23 IST" skipped="0">
  <testcase classname="Appium.Naveen_V2.SwipeDemo_4" name="swipe" time="11.728"/>
</testsuite> <!-- Appium.Naveen_V2.SwipeDemo_4 -->
