<?xml version="1.0" encoding="UTF-8"?>
<!-- Generated by org.testng.reporters.JUnitReportReporter -->
<testsuite hostname="lin80025523" failures="0" tests="1" name="Appium.Naveen_V2.AppiumBasics" time="13.187" errors="0" timestamp="2023-08-13T17:45:47 IST" skipped="0">
  <testcase classname="Appium.Naveen_V2.AppiumBasics" name="AppiumTest" time="13.187"/>
</testsuite> <!-- Appium.Naveen_V2.AppiumBasics -->
