<?xml version="1.0" encoding="UTF-8"?>
<!-- Generated by org.testng.reporters.JUnitReportReporter -->
<testsuite hostname="lin80025523" failures="0" tests="1" name="eCommerce.ECommerce_TC3" time="41.546" errors="0" timestamp="2023-08-14T18:41:54 IST" skipped="0">
  <testcase classname="eCommerce.ECommerce_TC3" name="fillFOrm" time="41.546"/>
</testsuite> <!-- eCommerce.ECommerce_TC3 -->
