<?xml version="1.0" encoding="UTF-8"?>
<!-- Generated by org.testng.reporters.JUnitReportReporter -->
<testsuite hostname="lin80025523" failures="0" tests="1" name="eCommerce.ECommerce_TC1" time="32.050" errors="0" timestamp="2023-08-14T14:36:25 IST" skipped="0">
  <testcase classname="eCommerce.ECommerce_TC1" name="fillFOrm" time="32.050"/>
</testsuite> <!-- eCommerce.ECommerce_TC1 -->
